<?xml version="1.0" encoding="UTF-8"?>
<!-- Generated by org.testng.reporters.JUnitReportReporter -->
<testsuite hostname="MSI" failures="0" tests="2" name="testNG.TestCase" time="0.011" errors="0" timestamp="2023-02-19T15:07:15 ICT" skipped="0">
  <testcase classname="testNG.TestCase" name="testCaseLogin" time="0.010"/>
  <system-out/>
  <testcase classname="testNG.TestCase" name="testCaseSignIn" time="0.001"/>
  <system-out/>
</testsuite> <!-- testNG.TestCase -->
