<?xml version="1.0" encoding="UTF-8"?>
<!-- Generated by org.testng.reporters.JUnitReportReporter -->
<testsuite hostname="MSI" failures="0" tests="2" name="Booking.BookingSomethingInShopee" time="0.009" errors="0" timestamp="2023-02-19T16:03:33 ICT" skipped="0">
  <testcase classname="Booking.BookingSomethingInShopee" name="buyALight" time="0.001"/>
  <system-out/>
  <testcase classname="Booking.BookingSomethingInShopee" name="buyABook" time="0.008"/>
  <system-out/>
</testsuite> <!-- Booking.BookingSomethingInShopee -->
